make all --print-data-base --no-builtin-variables --no-builtin-rules --question
# GNU Make 4.2.1
# Built for x86_64-pc-linux-gnu
# Copyright (C) 1988-2016 Free Software Foundation, Inc.
# License GPLv3+: GNU GPL version 3 or later <http://gnu.org/licenses/gpl.html>
# This is free software: you are free to change and redistribute it.
# There is NO WARRANTY, to the extent permitted by law.

# Make data base, printed on Mon Aug 15 12:05:12 2022

# Variables

# 'override' directive
GNUMAKEFLAGS := 
# automatic
<D = $(patsubst %/,%,$(dir $<))
# automatic
?F = $(notdir $?)
# environment
DESKTOP_SESSION = plasma
# default
.SHELLFLAGS := -c
# environment
XDG_SESSION_CLASS = user
# environment
XDG_SESSION_TYPE = x11
# automatic
?D = $(patsubst %/,%,$(dir $?))
# automatic
@D = $(patsubst %/,%,$(dir $@))
# environment
XAUTHORITY = /home/mehrdad/.Xauthority
# automatic
@F = $(notdir $@)
# default
MAKE_VERSION := 4.2.1
# makefile
CURDIR := /home/mehrdad/Documents/Project-C/Exercise_19
# makefile
SHELL = /bin/sh
# makefile (from 'Makefile', line 3)
T = ex19
# environment
VSCODE_NLS_CONFIG = {"locale":"en-us","availableLanguages":{},"_languagePackSupport":true}
# environment
_ = /usr/share/code/code
# environment
QT_AUTO_SCREEN_SCALE_FACTOR = 0
# makefile (from 'Makefile', line 1)
CFLAGS = -Wall -g -DNDEBUG -lm
# environment
XDG_CONFIG_DIRS = /etc/xdg/xdg-plasma:/etc/xdg:/usr/share/kubuntu-default-settings/kf5-settings
# makefile (from 'Makefile', line 1)
MAKEFILE_LIST :=  Makefile
# environment
DRI_PRIME = 1
# environment
TMP = /tmp/user/1000
# environment
MAKELEVEL := 0
# environment
MANDATORY_PATH = /usr/share/gconf/plasma.mandatory.path
# environment
XDG_DATA_DIRS = /usr/share/plasma:/usr/local/share/:/usr/share/:/var/lib/snapd/desktop
# environment
DBUS_SESSION_BUS_ADDRESS = unix:path=/run/user/1000/bus
# environment
XCURSOR_SIZE = 24
# environment
QT_SCREEN_SCALE_FACTORS = eDP-1-1=1;HDMI-1-1=1;
# environment
LC_NAME = az_IR
# environment
VSCODE_CWD = /home/mehrdad
# environment
PAM_KWALLET5_LOGIN = /run/user/1000/kwallet5.socket
# environment
XDG_SESSION_PATH = /org/freedesktop/DisplayManager/Session1
# default
MAKE_HOST := x86_64-pc-linux-gnu
# environment
PATH = /usr/local/sbin:/usr/local/bin:/usr/sbin:/usr/bin:/sbin:/bin:/usr/games:/usr/local/games:/snap/bin
# environment
GPG_AGENT_INFO = /run/user/1000/gnupg/S.gpg-agent:0:1
# environment
XCURSOR_THEME = Breeze_Snow
# environment
LSCOLORS = Gxfxcxdxbxegedabagacad
# environment
SESSION_MANAGER = local/mixtape:@/tmp/.ICE-unix/2362,unix/mixtape:/tmp/.ICE-unix/2362
# environment
XDG_RUNTIME_DIR = /run/user/1000
# environment
TEMPDIR = /tmp/user/1000
# environment
ELECTRON_RUN_AS_NODE = 1
# default
.FEATURES := target-specific order-only second-expansion else-if shortest-stem undefine oneshell archives jobserver output-sync check-symlink load
# environment
LS_COLORS = 
# environment
XDG_SESSION_DESKTOP = KDE
# environment
SSH_AUTH_SOCK = /tmp/ssh-e8KqAxvmPMME/agent.2270
# automatic
%F = $(notdir $%)
# environment
DISPLAY = :0
# environment
PWD = /home/mehrdad/Documents/Project-C/Exercise_19
# environment
KDE_SESSION_VERSION = 5
# default
.LOADED := 
# environment
XDG_SEAT = seat0
# environment
SSH_AGENT_PID = 2315
# environment
ORIGINAL_XDG_CURRENT_DESKTOP = KDE
# environment
VSCODE_AMD_ENTRYPOINT = vs/workbench/api/node/extensionHostProcess
# environment
HOME = /home/mehrdad
# environment
VSCODE_CODE_CACHE_PATH = /home/mehrdad/.config/Code/CachedData/6d9b74a70ca9c7733b29f0456fd8195364076dda
# environment
LOGNAME = mehrdad
# environment
APPLICATION_INSIGHTS_NO_DIAGNOSTIC_CHANNEL = true
# automatic
+F = $(notdir $+)
# environment
KDE_FULL_SESSION = true
# environment
ZSH = /home/mehrdad/.oh-my-zsh
# environment
VSCODE_HANDLES_UNCAUGHT_ERRORS = true
# automatic
^D = $(patsubst %/,%,$(dir $^))
# environment
XDG_VTNR = 1
# environment
LC_TIME = az_IR
# default
MAKE = $(MAKE_COMMAND)
# default
MAKECMDGOALS := all
# environment
SHLVL = 0
# makefile (from 'Makefile', line 2)
CC = gcc
# environment
XDG_SESSION_ID = 3
# environment
USER = mehrdad
# environment
__GLX_VENDOR_LIBRARY_NAME = nvidia
# environment
LC_MONETARY = az_IR
# makefile
.DEFAULT_GOAL := all
# environment
XDG_CURRENT_DESKTOP = KDE
# environment
LESS = -R
# automatic
%D = $(patsubst %/,%,$(dir $%))
# environment
LC_TELEPHONE = az_IR
# default
MAKE_COMMAND := make
# environment
OLDPWD = /home/mehrdad
# default
.VARIABLES := 
# environment
TMPDIR = /tmp/user/1000
# automatic
*F = $(notdir $*)
# environment
XDG_SEAT_PATH = /org/freedesktop/DisplayManager/Seat0
# environment
VSCODE_IPC_HOOK = /run/user/1000/vscode-64c657a2-1.70.1-main.sock
# makefile
MAKEFLAGS = pqrR
# environment
MFLAGS = -pqrR
# automatic
*D = $(patsubst %/,%,$(dir $*))
# automatic
+D = $(patsubst %/,%,$(dir $+))
# environment
GDK_BACKEND = x11
# environment
LC_PAPER = az_IR
# environment
QT_ACCESSIBILITY = 1
# environment
TEMP = /tmp/user/1000
# environment
__NV_PRIME_RENDER_OFFLOAD = 1
# environment
DEFAULTS_PATH = /usr/share/gconf/plasma.default.path
# default
MAKEFILES := 
# environment
LC_NUMERIC = az_IR
# automatic
<F = $(notdir $<)
# environment
LC_MEASUREMENT = az_IR
# environment
PAGER = less
# environment
LC_ALL = C
# automatic
^F = $(notdir $^)
# default
SUFFIXES := 
# environment
CHROME_DESKTOP = code-url-handler.desktop
# default
.INCLUDE_DIRS = /usr/include /usr/local/include /usr/include
# environment
LC_IDENTIFICATION = az_IR
# default
.RECIPEPREFIX := 
# environment
LC_ADDRESS = az_IR
# environment
LANG = C
# environment
VSCODE_PID = 2907
# environment
KDE_SESSION_UID = 1000
# variable set hash-table stats:
# Load=112/1024=11%, Rehash=0, Collisions=13/144=9%

# Pattern-specific Variable Values

# No pattern-specific variable values.

# Directories

# . (device 57, inode 8889826): 8 files, no impossibilities.

# 8 files, no impossibilities in 1 directories.

# Implicit Rules

# No implicit rules.

# Files

all:
#  Command line target.
#  Implicit rule search has not been done.
#  Implicit/static pattern stem: ''
#  File does not exist.
#  File has been updated.
#  Needs to be updated (-q is set).
# automatic
# @ := all
# automatic
# % := 
# automatic
# * := 
# automatic
# + := 
# automatic
# | := 
# automatic
# < := 
# automatic
# ^ := 
# automatic
# ? := 
# variable set hash-table stats:
# Load=8/32=25%, Rehash=0, Collisions=1/15=7%
#  recipe to execute (from 'Makefile', line 6):
	$(CC) $(CFLAGS) $(T).c -o $(T)

# Not a target:
 
.SUFFIXES:
#  Implicit rule search has not been done.
#  Modification time never checked.
#  File has not been updated.

# Not a target:
Makefile:
#  Implicit rule search has been done.
#  Last modified 2022-08-14 16:59:49.118329797
#  File has been updated.
#  Successfully updated.

# Not a target:
.DEFAULT:
#  Implicit rule search has not been done.
#  Modification time never checked.
#  File has not been updated.

clean:
#  Implicit rule search has not been done.
#  Modification time never checked.
#  File has not been updated.
#  recipe to execute (from 'Makefile', line 8):
	rm -rf $(T)

# files hash-table stats:
# Load=5/1024=0%, Rehash=0, Collisions=0/17=0%
# VPATH Search Paths

# No 'vpath' search paths.

# No general ('VPATH' variable) search path.

# strcache buffers: 1 (0) / strings = 14 / storage = 109 B / avg = 7 B
# current buf: size = 8162 B / used = 109 B / count = 14 / avg = 7 B

# strcache performance: lookups = 22 / hit rate = 36%
# hash-table stats:
# Load=14/8192=0%, Rehash=0, Collisions=1/22=5%
# Finished Make data base on Mon Aug 15 12:05:12 2022

 
